<?xml version="1.0" encoding="utf-8"?><testsuites name="pytest tests"><testsuite name="pytest" errors="0" failures="0" skipped="0" tests="6" time="1.472" timestamp="2026-09-09T07:43:54.330244+00:00" hostname="agent-env-9fc136a2-0516-4740-89b3-6f6fe81920e9"><testcase classname="tests.test_gpx_upload.TestGpxSummit" name="test_create_with_gpx_persists_route_profile" time="0.631" /><testcase classname="tests.test_gpx_upload.TestGpxParse" name="test_parse_with_elevation" time="0.289" /><testcase classname="tests.test_gpx_upload.TestGpxParse" name="test_parse_no_elevation" time="0.115" /><testcase classname="tests.test_gpx_upload.TestGpxParse" name="test_parse_malformed" time="0.080" /><testcase classname="tests.test_gpx_upload.TestGpxParse" name="test_parse_empty" time="0.084" /><testcase classname="tests.test_gpx_upload.TestGpxSummit" name="test_update_remove_gpx_clears_route" time="0.328" /></testsuite></testsuites>