<?xml version="1.0" encoding="utf-8"?><testsuites name="pytest tests"><testsuite name="pytest" errors="0" failures="0" skipped="0" tests="7" time="1.613" timestamp="2026-09-08T13:49:06.681752+00:00" hostname="agent-env-9fc136a2-0516-4740-89b3-6f6fe81920e9"><testcase classname="tests.test_backend_climb_side_profile.TestFamousCols" name="test_sides_present_and_counts" time="0.307" /><testcase classname="tests.test_backend_climb_side_profile.TestSummitProfile" name="test_create_ventoux_bedoin_with_profile" time="0.499" /><testcase classname="tests.test_backend_climb_side_profile.TestSummitProfile" name="test_get_persists_profile" time="0.043" /><testcase classname="tests.test_backend_climb_side_profile.TestSummitProfile" name="test_create_without_start_returns_none_status" time="0.043" /><testcase classname="tests.test_backend_climb_side_profile.TestSummitProfile" name="test_put_notes_only_preserves_profile" time="0.203" /><testcase classname="tests.test_backend_climb_side_profile.TestSummitProfile" name="test_refresh_profile_endpoint" time="0.107" /><testcase classname="tests.test_backend_climb_side_profile.TestSummitProfile" name="test_refresh_profile_400_when_no_start" time="0.259" /></testsuite></testsuites>