<?xml version="1.0" encoding="utf-8"?><testsuites name="pytest tests"><testsuite name="pytest" errors="0" failures="0" skipped="0" tests="2" time="1.994" timestamp="2026-09-08T14:05:23.003249+00:00" hostname="agent-env-9fc136a2-0516-4740-89b3-6f6fe81920e9"><testcase classname="tests.test_col_attempts" name="test_col_attempts_endpoint_shape" time="0.279" /><testcase classname="tests.test_col_attempts" name="test_multiple_attempts_lifecycle_and_missing_matrix" time="1.216" /></testsuite></testsuites>